2025-10-28T06:34:37.637-07:00  WARN 19752 --- [HikariPool-1 housekeeper] com.zaxxer.hikari.pool.HikariPool        : HikariPool-1 - Thread starvation or clock leap detected (housekeeper delta=6h56m35s332ms309µs100ns).
2025-10-28T13:27:20.448-07:00  WARN 19752 --- [HikariPool-1 housekeeper] com.zaxxer.hikari.pool.HikariPool        : HikariPool-1 - Thread starvation or clock leap detected (housekeeper delta=6h52m42s811ms323µs).
2025-10-28T13:40:04.010-07:00  WARN 19752 --- [HikariPool-1 housekeeper] com.zaxxer.hikari.pool.HikariPool        : HikariPool-1 - Thread starvation or clock leap detected (housekeeper delta=12m50s579ms149µs900ns).
2025-10-28T13:48:44.198-07:00  INFO 19752 --- [Thread-8] com.cmdfootball.CmdFootballApplication   : ? CMD Football backend is shutting down gracefully...
2025-10-28T13:48:44.352-07:00  INFO 19752 --- [SpringApplicationShutdownHook] j.LocalContainerEntityManagerFactoryBean : Closing JPA EntityManagerFactory for persistence unit 'default'
2025-10-28T13:48:44.664-07:00  WARN 19752 --- [SpringApplicationShutdownHook] o.s.b.f.support.DisposableBeanAdapter    : Invocation of destroy method failed on bean with name 'inMemoryDatabaseShutdownExecutor': org.h2.jdbc.JdbcSQLNonTransientConnectionException: Database is already closed (to disable automatic closing at VM shutdown, add ";DB_CLOSE_ON_EXIT=FALSE" to the db URL) [90121-214]
2025-10-28T13:48:44.670-07:00  INFO 19752 --- [SpringApplicationShutdownHook] com.zaxxer.hikari.HikariDataSource       : HikariPool-1 - Shutdown initiated...
2025-10-28T13:48:44.796-07:00  INFO 19752 --- [SpringApplicationShutdownHook] com.zaxxer.hikari.HikariDataSource       : HikariPool-1 - Shutdown completed.
2025-10-28T13:57:31.750-07:00  INFO 19244 --- [main] com.cmdfootball.CmdFootballApplication   : Starting CmdFootballApplication v1.0.0 using Java 17.0.16 with PID 19244 (D:\cmd-football-site\cmd-football-backend\target\cmd-football-backend-1.0.0.jar started by Coachmohamadou in D:\cmd-football-site\cmd-football-backend)
2025-10-28T13:57:31.758-07:00  INFO 19244 --- [main] com.cmdfootball.CmdFootballApplication   : No active profile set, falling back to 1 default profile: "default"
2025-10-28T13:57:33.587-07:00  INFO 19244 --- [main] .s.d.r.c.RepositoryConfigurationDelegate : Bootstrapping Spring Data JPA repositories in DEFAULT mode.
2025-10-28T13:57:33.652-07:00  INFO 19244 --- [main] .s.d.r.c.RepositoryConfigurationDelegate : Finished Spring Data repository scanning in 39 ms. Found 0 JPA repository interfaces.
2025-10-28T13:57:35.354-07:00  INFO 19244 --- [main] o.s.b.w.embedded.tomcat.TomcatWebServer  : Tomcat initialized with port(s): 8080 (http)
2025-10-28T13:57:35.403-07:00  INFO 19244 --- [main] o.apache.catalina.core.StandardService   : Starting service [Tomcat]
2025-10-28T13:57:35.405-07:00  INFO 19244 --- [main] o.apache.catalina.core.StandardEngine    : Starting Servlet engine: [Apache Tomcat/10.1.15]
2025-10-28T13:57:35.609-07:00  INFO 19244 --- [main] o.a.c.c.C.[Tomcat].[localhost].[/]       : Initializing Spring embedded WebApplicationContext
2025-10-28T13:57:35.609-07:00  INFO 19244 --- [main] w.s.c.ServletWebServerApplicationContext : Root WebApplicationContext: initialization completed in 3704 ms
2025-10-28T13:57:36.090-07:00  INFO 19244 --- [main] o.hibernate.jpa.internal.util.LogHelper  : HHH000204: Processing PersistenceUnitInfo [name: default]
2025-10-28T13:57:36.283-07:00  INFO 19244 --- [main] org.hibernate.Version                    : HHH000412: Hibernate ORM core version 6.2.13.Final
2025-10-28T13:57:36.289-07:00  INFO 19244 --- [main] org.hibernate.cfg.Environment            : HHH000406: Using bytecode reflection optimizer
2025-10-28T13:57:37.041-07:00  INFO 19244 --- [main] o.s.o.j.p.SpringPersistenceUnitInfo      : No LoadTimeWeaver setup: ignoring JPA class transformer
2025-10-28T13:57:37.117-07:00  INFO 19244 --- [main] com.zaxxer.hikari.HikariDataSource       : HikariPool-1 - Starting...
2025-10-28T13:57:37.701-07:00  INFO 19244 --- [main] com.zaxxer.hikari.pool.HikariPool        : HikariPool-1 - Added connection conn0: url=jdbc:h2:mem:testdb user=SA
2025-10-28T13:57:37.706-07:00  INFO 19244 --- [main] com.zaxxer.hikari.HikariDataSource       : HikariPool-1 - Start completed.
2025-10-28T13:57:37.786-07:00  WARN 19244 --- [main] org.hibernate.dialect.Dialect            : HHH000511: The 2.1.0 version for [org.hibernate.dialect.PostgreSQLDialect] is no longer supported, hence certain features may not work properly. The minimum supported version is 10.0.0. Check the community dialects project for available legacy versions.
2025-10-28T13:57:37.803-07:00  WARN 19244 --- [main] org.hibernate.orm.deprecation            : HHH90000025: PostgreSQLDialect does not need to be specified explicitly using 'hibernate.dialect' (remove the property setting and it will be selected by default)
2025-10-28T13:57:38.527-07:00  INFO 19244 --- [main] o.h.e.t.j.p.i.JtaPlatformInitiator       : HHH000489: No JTA platform available (set 'hibernate.transaction.jta.platform' to enable JTA platform integration)
2025-10-28T13:57:38.541-07:00  INFO 19244 --- [main] j.LocalContainerEntityManagerFactoryBean : Initialized JPA EntityManagerFactory for persistence unit 'default'
2025-10-28T13:57:38.675-07:00  WARN 19244 --- [main] JpaBaseConfiguration$JpaWebConfiguration : spring.jpa.open-in-view is enabled by default. Therefore, database queries may be performed during view rendering. Explicitly configure spring.jpa.open-in-view to disable this warning
2025-10-28T13:57:39.125-07:00  INFO 19244 --- [main] o.s.b.a.w.s.WelcomePageHandlerMapping    : Adding welcome page: ServletContext resource [/index.html]
2025-10-28T13:57:39.787-07:00  INFO 19244 --- [main] o.s.b.w.embedded.tomcat.TomcatWebServer  : Tomcat started on port(s): 8080 (http) with context path ''
2025-10-28T13:57:39.840-07:00  INFO 19244 --- [main] com.cmdfootball.CmdFootballApplication   : Started CmdFootballApplication in 9.37 seconds (process running for 10.645)
2025-10-28T13:57:39.844-07:00  INFO 19244 --- [main] com.cmdfootball.CmdFootballApplication   : ? CMD Football backend is up and running on port 8080 [default]
2025-10-28T14:00:22.126-07:00  INFO 19244 --- [Thread-2] com.cmdfootball.CmdFootballApplication   : ? CMD Football backend is shutting down gracefully...
2025-10-28T14:00:22.243-07:00  INFO 19244 --- [SpringApplicationShutdownHook] j.LocalContainerEntityManagerFactoryBean : Closing JPA EntityManagerFactory for persistence unit 'default'
2025-10-28T14:00:22.249-07:00  INFO 19244 --- [SpringApplicationShutdownHook] com.zaxxer.hikari.HikariDataSource       : HikariPool-1 - Shutdown initiated...
2025-10-28T14:00:22.253-07:00  INFO 19244 --- [SpringApplicationShutdownHook] com.zaxxer.hikari.HikariDataSource       : HikariPool-1 - Shutdown completed.
2025-10-28T14:00:57.154-07:00  INFO 10780 --- [restartedMain] com.cmdfootball.CmdFootballApplication   : Starting CmdFootballApplication using Java 17.0.16 with PID 10780 (D:\cmd-football-site\cmd-football-backend\target\classes started by Coachmohamadou in D:\cmd-football-site\cmd-football-backend)
2025-10-28T14:00:57.163-07:00  INFO 10780 --- [restartedMain] com.cmdfootball.CmdFootballApplication   : No active profile set, falling back to 1 default profile: "default"
2025-10-28T14:00:57.277-07:00  INFO 10780 --- [restartedMain] .e.DevToolsPropertyDefaultsPostProcessor : Devtools property defaults active! Set 'spring.devtools.add-properties' to 'false' to disable
2025-10-28T14:00:57.277-07:00  INFO 10780 --- [restartedMain] .e.DevToolsPropertyDefaultsPostProcessor : For additional web related logging consider setting the 'logging.level.web' property to 'DEBUG'
2025-10-28T14:00:58.804-07:00  INFO 10780 --- [restartedMain] .s.d.r.c.RepositoryConfigurationDelegate : Bootstrapping Spring Data JPA repositories in DEFAULT mode.
2025-10-28T14:00:58.871-07:00  INFO 10780 --- [restartedMain] .s.d.r.c.RepositoryConfigurationDelegate : Finished Spring Data repository scanning in 42 ms. Found 0 JPA repository interfaces.
2025-10-28T14:01:00.495-07:00  INFO 10780 --- [restartedMain] o.s.b.w.embedded.tomcat.TomcatWebServer  : Tomcat initialized with port(s): 8080 (http)
2025-10-28T14:01:00.504-07:00  INFO 10780 --- [restartedMain] o.apache.catalina.core.StandardService   : Starting service [Tomcat]
2025-10-28T14:01:00.504-07:00  INFO 10780 --- [restartedMain] o.apache.catalina.core.StandardEngine    : Starting Servlet engine: [Apache Tomcat/10.1.15]
2025-10-28T14:01:00.703-07:00  INFO 10780 --- [restartedMain] o.a.c.c.C.[Tomcat].[localhost].[/]       : Initializing Spring embedded WebApplicationContext
2025-10-28T14:01:00.703-07:00  INFO 10780 --- [restartedMain] w.s.c.ServletWebServerApplicationContext : Root WebApplicationContext: initialization completed in 3423 ms
2025-10-28T14:01:00.805-07:00  INFO 10780 --- [restartedMain] com.zaxxer.hikari.HikariDataSource       : HikariPool-1 - Starting...
2025-10-28T14:01:01.230-07:00  INFO 10780 --- [restartedMain] com.zaxxer.hikari.pool.HikariPool        : HikariPool-1 - Added connection conn0: url=jdbc:h2:mem:testdb user=SA
2025-10-28T14:01:01.239-07:00  INFO 10780 --- [restartedMain] com.zaxxer.hikari.HikariDataSource       : HikariPool-1 - Start completed.
2025-10-28T14:01:01.274-07:00  INFO 10780 --- [restartedMain] o.s.b.a.h2.H2ConsoleAutoConfiguration    : H2 console available at '/h2-console'. Database available at 'jdbc:h2:mem:testdb'
2025-10-28T14:01:01.537-07:00  INFO 10780 --- [restartedMain] o.hibernate.jpa.internal.util.LogHelper  : HHH000204: Processing PersistenceUnitInfo [name: default]
2025-10-28T14:01:01.637-07:00  INFO 10780 --- [restartedMain] org.hibernate.Version                    : HHH000412: Hibernate ORM core version 6.2.13.Final
2025-10-28T14:01:01.654-07:00  INFO 10780 --- [restartedMain] org.hibernate.cfg.Environment            : HHH000406: Using bytecode reflection optimizer
2025-10-28T14:01:02.386-07:00  INFO 10780 --- [restartedMain] o.s.o.j.p.SpringPersistenceUnitInfo      : No LoadTimeWeaver setup: ignoring JPA class transformer
2025-10-28T14:01:02.503-07:00  WARN 10780 --- [restartedMain] org.hibernate.dialect.Dialect            : HHH000511: The 2.1.0 version for [org.hibernate.dialect.PostgreSQLDialect] is no longer supported, hence certain features may not work properly. The minimum supported version is 10.0.0. Check the community dialects project for available legacy versions.
2025-10-28T14:01:02.514-07:00  WARN 10780 --- [restartedMain] org.hibernate.orm.deprecation            : HHH90000025: PostgreSQLDialect does not need to be specified explicitly using 'hibernate.dialect' (remove the property setting and it will be selected by default)
2025-10-28T14:01:03.257-07:00  INFO 10780 --- [restartedMain] o.h.e.t.j.p.i.JtaPlatformInitiator       : HHH000489: No JTA platform available (set 'hibernate.transaction.jta.platform' to enable JTA platform integration)
2025-10-28T14:01:03.276-07:00  INFO 10780 --- [restartedMain] j.LocalContainerEntityManagerFactoryBean : Initialized JPA EntityManagerFactory for persistence unit 'default'
2025-10-28T14:01:03.440-07:00  WARN 10780 --- [restartedMain] JpaBaseConfiguration$JpaWebConfiguration : spring.jpa.open-in-view is enabled by default. Therefore, database queries may be performed during view rendering. Explicitly configure spring.jpa.open-in-view to disable this warning
2025-10-28T14:01:03.837-07:00  INFO 10780 --- [restartedMain] o.s.b.a.w.s.WelcomePageHandlerMapping    : Adding welcome page: ServletContext resource [/index.html]
2025-10-28T14:01:04.339-07:00  INFO 10780 --- [restartedMain] o.s.b.d.a.OptionalLiveReloadServer       : LiveReload server is running on port 35729
2025-10-28T14:01:04.425-07:00  INFO 10780 --- [restartedMain] o.s.b.w.embedded.tomcat.TomcatWebServer  : Tomcat started on port(s): 8080 (http) with context path ''
2025-10-28T14:01:04.444-07:00  INFO 10780 --- [restartedMain] com.cmdfootball.CmdFootballApplication   : Started CmdFootballApplication in 8.329 seconds (process running for 9.583)
2025-10-28T14:01:04.448-07:00  INFO 10780 --- [restartedMain] com.cmdfootball.CmdFootballApplication   : ? CMD Football backend is up and running on port 8080 [default]
2025-10-28T14:03:40.627-07:00  INFO 10780 --- [File Watcher] rtingClassPathChangeChangedEventListener : Restarting due to 1 class path change (0 additions, 0 deletions, 1 modification)
2025-10-28T14:03:40.767-07:00  INFO 10780 --- [Thread-6] o.apache.catalina.core.StandardService   : Stopping service [Tomcat]
2025-10-28T14:03:40.791-07:00  INFO 10780 --- [Thread-6] j.LocalContainerEntityManagerFactoryBean : Closing JPA EntityManagerFactory for persistence unit 'default'
2025-10-28T14:03:41.034-07:00  WARN 10780 --- [Thread-6] o.s.b.f.support.DisposableBeanAdapter    : Invocation of destroy method failed on bean with name 'inMemoryDatabaseShutdownExecutor': org.h2.jdbc.JdbcSQLNonTransientConnectionException: Database is already closed (to disable automatic closing at VM shutdown, add ";DB_CLOSE_ON_EXIT=FALSE" to the db URL) [90121-214]
2025-10-28T14:03:41.034-07:00  INFO 10780 --- [Thread-6] com.zaxxer.hikari.HikariDataSource       : HikariPool-1 - Shutdown initiated...
2025-10-28T14:03:41.076-07:00  INFO 10780 --- [Thread-6] com.zaxxer.hikari.HikariDataSource       : HikariPool-1 - Shutdown completed.
2025-10-28T14:03:41.307-07:00  INFO 10780 --- [restartedMain] com.cmdfootball.CmdFootballApplication   : Starting CmdFootballApplication using Java 17.0.16 with PID 10780 (D:\cmd-football-site\cmd-football-backend\target\classes started by Coachmohamadou in D:\cmd-football-site\cmd-football-backend)
2025-10-28T14:03:41.307-07:00  INFO 10780 --- [restartedMain] com.cmdfootball.CmdFootballApplication   : No active profile set, falling back to 1 default profile: "default"
2025-10-28T14:03:41.809-07:00  INFO 10780 --- [restartedMain] .s.d.r.c.RepositoryConfigurationDelegate : Bootstrapping Spring Data JPA repositories in DEFAULT mode.
2025-10-28T14:03:41.821-07:00  INFO 10780 --- [restartedMain] .s.d.r.c.RepositoryConfigurationDelegate : Finished Spring Data repository scanning in 7 ms. Found 0 JPA repository interfaces.
2025-10-28T14:03:42.102-07:00  INFO 10780 --- [restartedMain] o.s.b.w.embedded.tomcat.TomcatWebServer  : Tomcat initialized with port(s): 8080 (http)
2025-10-28T14:03:42.102-07:00  INFO 10780 --- [restartedMain] o.apache.catalina.core.StandardService   : Starting service [Tomcat]
2025-10-28T14:03:42.102-07:00  INFO 10780 --- [restartedMain] o.apache.catalina.core.StandardEngine    : Starting Servlet engine: [Apache Tomcat/10.1.15]
2025-10-28T14:03:42.198-07:00  INFO 10780 --- [restartedMain] o.a.c.c.C.[Tomcat].[localhost].[/]       : Initializing Spring embedded WebApplicationContext
2025-10-28T14:03:42.198-07:00  INFO 10780 --- [restartedMain] w.s.c.ServletWebServerApplicationContext : Root WebApplicationContext: initialization completed in 881 ms
2025-10-28T14:03:42.276-07:00  INFO 10780 --- [restartedMain] com.zaxxer.hikari.HikariDataSource       : HikariPool-2 - Starting...
2025-10-28T14:03:42.283-07:00  INFO 10780 --- [restartedMain] com.zaxxer.hikari.pool.HikariPool        : HikariPool-2 - Added connection conn10: url=jdbc:h2:mem:testdb user=SA
2025-10-28T14:03:42.283-07:00  INFO 10780 --- [restartedMain] com.zaxxer.hikari.HikariDataSource       : HikariPool-2 - Start completed.
2025-10-28T14:03:42.283-07:00  INFO 10780 --- [restartedMain] o.s.b.a.h2.H2ConsoleAutoConfiguration    : H2 console available at '/h2-console'. Database available at 'jdbc:h2:mem:testdb'
2025-10-28T14:03:42.358-07:00  INFO 10780 --- [restartedMain] o.hibernate.jpa.internal.util.LogHelper  : HHH000204: Processing PersistenceUnitInfo [name: default]
2025-10-28T14:03:42.390-07:00  INFO 10780 --- [restartedMain] o.s.o.j.p.SpringPersistenceUnitInfo      : No LoadTimeWeaver setup: ignoring JPA class transformer
2025-10-28T14:03:42.396-07:00  WARN 10780 --- [restartedMain] org.hibernate.dialect.Dialect            : HHH000511: The 2.1.0 version for [org.hibernate.dialect.PostgreSQLDialect] is no longer supported, hence certain features may not work properly. The minimum supported version is 10.0.0. Check the community dialects project for available legacy versions.
2025-10-28T14:03:42.396-07:00  WARN 10780 --- [restartedMain] org.hibernate.orm.deprecation            : HHH90000025: PostgreSQLDialect does not need to be specified explicitly using 'hibernate.dialect' (remove the property setting and it will be selected by default)
2025-10-28T14:03:42.420-07:00  INFO 10780 --- [restartedMain] o.h.e.t.j.p.i.JtaPlatformInitiator       : HHH000489: No JTA platform available (set 'hibernate.transaction.jta.platform' to enable JTA platform integration)
2025-10-28T14:03:42.420-07:00  INFO 10780 --- [restartedMain] j.LocalContainerEntityManagerFactoryBean : Initialized JPA EntityManagerFactory for persistence unit 'default'
2025-10-28T14:03:42.484-07:00  WARN 10780 --- [restartedMain] JpaBaseConfiguration$JpaWebConfiguration : spring.jpa.open-in-view is enabled by default. Therefore, database queries may be performed during view rendering. Explicitly configure spring.jpa.open-in-view to disable this warning
2025-10-28T14:03:42.630-07:00  INFO 10780 --- [restartedMain] o.s.b.a.w.s.WelcomePageHandlerMapping    : Adding welcome page: ServletContext resource [/index.html]
2025-10-28T14:03:42.844-07:00  INFO 10780 --- [restartedMain] o.s.b.d.a.OptionalLiveReloadServer       : LiveReload server is running on port 35729
2025-10-28T14:03:42.878-07:00  INFO 10780 --- [restartedMain] o.s.b.w.embedded.tomcat.TomcatWebServer  : Tomcat started on port(s): 8080 (http) with context path ''
2025-10-28T14:03:42.890-07:00  INFO 10780 --- [restartedMain] com.cmdfootball.CmdFootballApplication   : Started CmdFootballApplication in 1.69 seconds (process running for 168.028)
2025-10-28T14:03:42.896-07:00  INFO 10780 --- [restartedMain] .ConditionEvaluationDeltaLoggingListener : Condition evaluation unchanged
2025-10-28T14:03:42.896-07:00  INFO 10780 --- [restartedMain] com.cmdfootball.CmdFootballApplication   : ? CMD Football backend is up and running on port 8080 [default]
2025-10-28T14:03:44.331-07:00  INFO 10780 --- [File Watcher] rtingClassPathChangeChangedEventListener : Restarting due to 1 class path change (0 additions, 0 deletions, 1 modification)
2025-10-28T14:03:44.394-07:00  INFO 10780 --- [Thread-9] o.apache.catalina.core.StandardService   : Stopping service [Tomcat]
2025-10-28T14:03:44.412-07:00  INFO 10780 --- [Thread-9] j.LocalContainerEntityManagerFactoryBean : Closing JPA EntityManagerFactory for persistence unit 'default'
2025-10-28T14:03:44.622-07:00  WARN 10780 --- [Thread-9] o.s.b.f.support.DisposableBeanAdapter    : Invocation of destroy method failed on bean with name 'inMemoryDatabaseShutdownExecutor': org.h2.jdbc.JdbcSQLNonTransientConnectionException: Database is already closed (to disable automatic closing at VM shutdown, add ";DB_CLOSE_ON_EXIT=FALSE" to the db URL) [90121-214]
2025-10-28T14:03:44.629-07:00  INFO 10780 --- [Thread-9] com.zaxxer.hikari.HikariDataSource       : HikariPool-2 - Shutdown initiated...
2025-10-28T14:03:44.629-07:00  INFO 10780 --- [Thread-9] com.zaxxer.hikari.HikariDataSource       : HikariPool-2 - Shutdown completed.
2025-10-28T14:03:44.875-07:00  INFO 10780 --- [restartedMain] com.cmdfootball.CmdFootballApplication   : Starting CmdFootballApplication using Java 17.0.16 with PID 10780 (D:\cmd-football-site\cmd-football-backend\target\classes started by Coachmohamadou in D:\cmd-football-site\cmd-football-backend)
2025-10-28T14:03:44.875-07:00  INFO 10780 --- [restartedMain] com.cmdfootball.CmdFootballApplication   : No active profile set, falling back to 1 default profile: "default"
2025-10-28T14:03:45.310-07:00  INFO 10780 --- [restartedMain] .s.d.r.c.RepositoryConfigurationDelegate : Bootstrapping Spring Data JPA repositories in DEFAULT mode.
2025-10-28T14:03:45.310-07:00  INFO 10780 --- [restartedMain] .s.d.r.c.RepositoryConfigurationDelegate : Finished Spring Data repository scanning in 5 ms. Found 0 JPA repository interfaces.
2025-10-28T14:03:45.512-07:00  INFO 10780 --- [restartedMain] o.s.b.w.embedded.tomcat.TomcatWebServer  : Tomcat initialized with port(s): 8080 (http)
2025-10-28T14:03:45.512-07:00  INFO 10780 --- [restartedMain] o.apache.catalina.core.StandardService   : Starting service [Tomcat]
2025-10-28T14:03:45.512-07:00  INFO 10780 --- [restartedMain] o.apache.catalina.core.StandardEngine    : Starting Servlet engine: [Apache Tomcat/10.1.15]
2025-10-28T14:03:45.604-07:00  INFO 10780 --- [restartedMain] o.a.c.c.C.[Tomcat].[localhost].[/]       : Initializing Spring embedded WebApplicationContext
2025-10-28T14:03:45.606-07:00  INFO 10780 --- [restartedMain] w.s.c.ServletWebServerApplicationContext : Root WebApplicationContext: initialization completed in 722 ms
2025-10-28T14:03:45.644-07:00  INFO 10780 --- [restartedMain] com.zaxxer.hikari.HikariDataSource       : HikariPool-3 - Starting...
2025-10-28T14:03:45.647-07:00  INFO 10780 --- [restartedMain] com.zaxxer.hikari.pool.HikariPool        : HikariPool-3 - Added connection conn20: url=jdbc:h2:mem:testdb user=SA
2025-10-28T14:03:45.647-07:00  INFO 10780 --- [restartedMain] com.zaxxer.hikari.HikariDataSource       : HikariPool-3 - Start completed.
2025-10-28T14:03:45.647-07:00  INFO 10780 --- [restartedMain] o.s.b.a.h2.H2ConsoleAutoConfiguration    : H2 console available at '/h2-console'. Database available at 'jdbc:h2:mem:testdb'
2025-10-28T14:03:45.714-07:00  INFO 10780 --- [restartedMain] o.hibernate.jpa.internal.util.LogHelper  : HHH000204: Processing PersistenceUnitInfo [name: default]
2025-10-28T14:03:45.730-07:00  INFO 10780 --- [restartedMain] o.s.o.j.p.SpringPersistenceUnitInfo      : No LoadTimeWeaver setup: ignoring JPA class transformer
2025-10-28T14:03:45.730-07:00  WARN 10780 --- [restartedMain] org.hibernate.dialect.Dialect            : HHH000511: The 2.1.0 version for [org.hibernate.dialect.PostgreSQLDialect] is no longer supported, hence certain features may not work properly. The minimum supported version is 10.0.0. Check the community dialects project for available legacy versions.
2025-10-28T14:03:45.730-07:00  WARN 10780 --- [restartedMain] org.hibernate.orm.deprecation            : HHH90000025: PostgreSQLDialect does not need to be specified explicitly using 'hibernate.dialect' (remove the property setting and it will be selected by default)
2025-10-28T14:03:45.762-07:00  INFO 10780 --- [restartedMain] o.h.e.t.j.p.i.JtaPlatformInitiator       : HHH000489: No JTA platform available (set 'hibernate.transaction.jta.platform' to enable JTA platform integration)
2025-10-28T14:03:45.771-07:00  INFO 10780 --- [restartedMain] j.LocalContainerEntityManagerFactoryBean : Initialized JPA EntityManagerFactory for persistence unit 'default'
2025-10-28T14:03:45.843-07:00  WARN 10780 --- [restartedMain] JpaBaseConfiguration$JpaWebConfiguration : spring.jpa.open-in-view is enabled by default. Therefore, database queries may be performed during view rendering. Explicitly configure spring.jpa.open-in-view to disable this warning
2025-10-28T14:03:45.937-07:00  INFO 10780 --- [restartedMain] o.s.b.a.w.s.WelcomePageHandlerMapping    : Adding welcome page: ServletContext resource [/index.html]
2025-10-28T14:03:46.095-07:00  INFO 10780 --- [restartedMain] o.s.b.d.a.OptionalLiveReloadServer       : LiveReload server is running on port 35729
2025-10-28T14:03:46.121-07:00  INFO 10780 --- [restartedMain] o.s.b.w.embedded.tomcat.TomcatWebServer  : Tomcat started on port(s): 8080 (http) with context path ''
2025-10-28T14:03:46.137-07:00  INFO 10780 --- [restartedMain] com.cmdfootball.CmdFootballApplication   : Started CmdFootballApplication in 1.352 seconds (process running for 171.276)
2025-10-28T14:03:46.144-07:00  INFO 10780 --- [restartedMain] .ConditionEvaluationDeltaLoggingListener : Condition evaluation unchanged
2025-10-28T14:03:46.146-07:00  INFO 10780 --- [restartedMain] com.cmdfootball.CmdFootballApplication   : ? CMD Football backend is up and running on port 8080 [default]
2025-10-28T14:05:00.490-07:00  INFO 10780 --- [File Watcher] rtingClassPathChangeChangedEventListener : Restarting due to 1 class path change (0 additions, 0 deletions, 1 modification)
2025-10-28T14:05:00.613-07:00  INFO 10780 --- [Thread-14] o.apache.catalina.core.StandardService   : Stopping service [Tomcat]
2025-10-28T14:05:00.618-07:00  INFO 10780 --- [Thread-14] j.LocalContainerEntityManagerFactoryBean : Closing JPA EntityManagerFactory for persistence unit 'default'
2025-10-28T14:05:00.824-07:00  WARN 10780 --- [Thread-14] o.s.b.f.support.DisposableBeanAdapter    : Invocation of destroy method failed on bean with name 'inMemoryDatabaseShutdownExecutor': org.h2.jdbc.JdbcSQLNonTransientConnectionException: Database is already closed (to disable automatic closing at VM shutdown, add ";DB_CLOSE_ON_EXIT=FALSE" to the db URL) [90121-214]
2025-10-28T14:05:00.829-07:00  INFO 10780 --- [Thread-14] com.zaxxer.hikari.HikariDataSource       : HikariPool-3 - Shutdown initiated...
2025-10-28T14:05:00.833-07:00  INFO 10780 --- [Thread-14] com.zaxxer.hikari.HikariDataSource       : HikariPool-3 - Shutdown completed.
2025-10-28T14:05:01.090-07:00  INFO 10780 --- [restartedMain] com.cmdfootball.CmdFootballApplication   : Starting CmdFootballApplication using Java 17.0.16 with PID 10780 (D:\cmd-football-site\cmd-football-backend\target\classes started by Coachmohamadou in D:\cmd-football-site\cmd-football-backend)
2025-10-28T14:05:01.090-07:00  INFO 10780 --- [restartedMain] com.cmdfootball.CmdFootballApplication   : No active profile set, falling back to 1 default profile: "default"
2025-10-28T14:05:01.528-07:00  INFO 10780 --- [restartedMain] .s.d.r.c.RepositoryConfigurationDelegate : Bootstrapping Spring Data JPA repositories in DEFAULT mode.
2025-10-28T14:05:01.539-07:00  INFO 10780 --- [restartedMain] .s.d.r.c.RepositoryConfigurationDelegate : Finished Spring Data repository scanning in 5 ms. Found 0 JPA repository interfaces.
2025-10-28T14:05:01.751-07:00  INFO 10780 --- [restartedMain] o.s.b.w.embedded.tomcat.TomcatWebServer  : Tomcat initialized with port(s): 8080 (http)
2025-10-28T14:05:01.751-07:00  INFO 10780 --- [restartedMain] o.apache.catalina.core.StandardService   : Starting service [Tomcat]
2025-10-28T14:05:01.751-07:00  INFO 10780 --- [restartedMain] o.apache.catalina.core.StandardEngine    : Starting Servlet engine: [Apache Tomcat/10.1.15]
2025-10-28T14:05:01.852-07:00  INFO 10780 --- [restartedMain] o.a.c.c.C.[Tomcat].[localhost].[/]       : Initializing Spring embedded WebApplicationContext
2025-10-28T14:05:01.852-07:00  INFO 10780 --- [restartedMain] w.s.c.ServletWebServerApplicationContext : Root WebApplicationContext: initialization completed in 757 ms
2025-10-28T14:05:01.884-07:00  INFO 10780 --- [restartedMain] com.zaxxer.hikari.HikariDataSource       : HikariPool-4 - Starting...
2025-10-28T14:05:01.890-07:00  INFO 10780 --- [restartedMain] com.zaxxer.hikari.pool.HikariPool        : HikariPool-4 - Added connection conn30: url=jdbc:h2:mem:testdb user=SA
2025-10-28T14:05:01.896-07:00  INFO 10780 --- [restartedMain] com.zaxxer.hikari.HikariDataSource       : HikariPool-4 - Start completed.
2025-10-28T14:05:01.896-07:00  INFO 10780 --- [restartedMain] o.s.b.a.h2.H2ConsoleAutoConfiguration    : H2 console available at '/h2-console'. Database available at 'jdbc:h2:mem:testdb'
2025-10-28T14:05:01.949-07:00  INFO 10780 --- [restartedMain] o.hibernate.jpa.internal.util.LogHelper  : HHH000204: Processing PersistenceUnitInfo [name: default]
2025-10-28T14:05:01.992-07:00  INFO 10780 --- [restartedMain] o.s.o.j.p.SpringPersistenceUnitInfo      : No LoadTimeWeaver setup: ignoring JPA class transformer
2025-10-28T14:05:01.998-07:00  WARN 10780 --- [restartedMain] org.hibernate.dialect.Dialect            : HHH000511: The 2.1.0 version for [org.hibernate.dialect.PostgreSQLDialect] is no longer supported, hence certain features may not work properly. The minimum supported version is 10.0.0. Check the community dialects project for available legacy versions.
2025-10-28T14:05:01.998-07:00  WARN 10780 --- [restartedMain] org.hibernate.orm.deprecation            : HHH90000025: PostgreSQLDialect does not need to be specified explicitly using 'hibernate.dialect' (remove the property setting and it will be selected by default)
2025-10-28T14:05:02.013-07:00  INFO 10780 --- [restartedMain] o.h.e.t.j.p.i.JtaPlatformInitiator       : HHH000489: No JTA platform available (set 'hibernate.transaction.jta.platform' to enable JTA platform integration)
2025-10-28T14:05:02.013-07:00  INFO 10780 --- [restartedMain] j.LocalContainerEntityManagerFactoryBean : Initialized JPA EntityManagerFactory for persistence unit 'default'
2025-10-28T14:05:02.046-07:00  WARN 10780 --- [restartedMain] ConfigServletWebServerApplicationContext : Exception encountered during context initialization - cancelling refresh attempt: org.springframework.beans.factory.BeanCreationException: Error creating bean with name 'serverController' defined in file [D:\cmd-football-site\cmd-football-backend\target\classes\com\cmdfootball\controller\ServerController.class]: Failed to instantiate [com.cmdfootball.controller.ServerController]: Constructor threw exception
2025-10-28T14:05:02.046-07:00  INFO 10780 --- [restartedMain] j.LocalContainerEntityManagerFactoryBean : Closing JPA EntityManagerFactory for persistence unit 'default'
2025-10-28T14:05:02.247-07:00  WARN 10780 --- [restartedMain] o.s.b.f.support.DisposableBeanAdapter    : Invocation of destroy method failed on bean with name 'inMemoryDatabaseShutdownExecutor': org.h2.jdbc.JdbcSQLNonTransientConnectionException: Database is already closed (to disable automatic closing at VM shutdown, add ";DB_CLOSE_ON_EXIT=FALSE" to the db URL) [90121-214]
2025-10-28T14:05:02.251-07:00  INFO 10780 --- [restartedMain] com.zaxxer.hikari.HikariDataSource       : HikariPool-4 - Shutdown initiated...
2025-10-28T14:05:02.407-07:00  INFO 10780 --- [restartedMain] com.zaxxer.hikari.HikariDataSource       : HikariPool-4 - Shutdown completed.
2025-10-28T14:05:02.409-07:00  INFO 10780 --- [restartedMain] o.apache.catalina.core.StandardService   : Stopping service [Tomcat]
2025-10-28T14:05:02.428-07:00  INFO 10780 --- [restartedMain] .s.b.a.l.ConditionEvaluationReportLogger : 

Error starting ApplicationContext. To display the condition evaluation report re-run your application with 'debug' enabled.
2025-10-28T14:05:02.490-07:00 ERROR 10780 --- [restartedMain] o.s.boot.SpringApplication               : Application run failed

org.springframework.beans.factory.BeanCreationException: Error creating bean with name 'serverController' defined in file [D:\cmd-football-site\cmd-football-backend\target\classes\com\cmdfootball\controller\ServerController.class]: Failed to instantiate [com.cmdfootball.controller.ServerController]: Constructor threw exception
	at org.springframework.beans.factory.support.AbstractAutowireCapableBeanFactory.instantiateBean(AbstractAutowireCapableBeanFactory.java:1314) ~[spring-beans-6.0.13.jar:6.0.13]
	at org.springframework.beans.factory.support.AbstractAutowireCapableBeanFactory.createBeanInstance(AbstractAutowireCapableBeanFactory.java:1199) ~[spring-beans-6.0.13.jar:6.0.13]
	at org.springframework.beans.factory.support.AbstractAutowireCapableBeanFactory.doCreateBean(AbstractAutowireCapableBeanFactory.java:560) ~[spring-beans-6.0.13.jar:6.0.13]
	at org.springframework.beans.factory.support.AbstractAutowireCapableBeanFactory.createBean(AbstractAutowireCapableBeanFactory.java:520) ~[spring-beans-6.0.13.jar:6.0.13]
	at org.springframework.beans.factory.support.AbstractBeanFactory.lambda$doGetBean$0(AbstractBeanFactory.java:325) ~[spring-beans-6.0.13.jar:6.0.13]
	at org.springframework.beans.factory.support.DefaultSingletonBeanRegistry.getSingleton(DefaultSingletonBeanRegistry.java:234) ~[spring-beans-6.0.13.jar:6.0.13]
	at org.springframework.beans.factory.support.AbstractBeanFactory.doGetBean(AbstractBeanFactory.java:323) ~[spring-beans-6.0.13.jar:6.0.13]
	at org.springframework.beans.factory.support.AbstractBeanFactory.getBean(AbstractBeanFactory.java:199) ~[spring-beans-6.0.13.jar:6.0.13]
	at org.springframework.beans.factory.support.DefaultListableBeanFactory.preInstantiateSingletons(DefaultListableBeanFactory.java:973) ~[spring-beans-6.0.13.jar:6.0.13]
	at org.springframework.context.support.AbstractApplicationContext.finishBeanFactoryInitialization(AbstractApplicationContext.java:950) ~[spring-context-6.0.13.jar:6.0.13]
	at org.springframework.context.support.AbstractApplicationContext.refresh(AbstractApplicationContext.java:616) ~[spring-context-6.0.13.jar:6.0.13]
	at org.springframework.boot.web.servlet.context.ServletWebServerApplicationContext.refresh(ServletWebServerApplicationContext.java:146) ~[spring-boot-3.1.5.jar:3.1.5]
	at org.springframework.boot.SpringApplication.refresh(SpringApplication.java:738) ~[spring-boot-3.1.5.jar:3.1.5]
	at org.springframework.boot.SpringApplication.refreshContext(SpringApplication.java:440) ~[spring-boot-3.1.5.jar:3.1.5]
	at org.springframework.boot.SpringApplication.run(SpringApplication.java:316) ~[spring-boot-3.1.5.jar:3.1.5]
	at com.cmdfootball.CmdFootballApplication.main(CmdFootballApplication.java:33) ~[classes/:na]
	at java.base/jdk.internal.reflect.NativeMethodAccessorImpl.invoke0(Native Method) ~[na:na]
	at java.base/jdk.internal.reflect.NativeMethodAccessorImpl.invoke(NativeMethodAccessorImpl.java:77) ~[na:na]
	at java.base/jdk.internal.reflect.DelegatingMethodAccessorImpl.invoke(DelegatingMethodAccessorImpl.java:43) ~[na:na]
	at java.base/java.lang.reflect.Method.invoke(Method.java:569) ~[na:na]
	at org.springframework.boot.devtools.restart.RestartLauncher.run(RestartLauncher.java:50) ~[spring-boot-devtools-3.1.5.jar:3.1.5]
Caused by: org.springframework.beans.BeanInstantiationException: Failed to instantiate [com.cmdfootball.controller.ServerController]: Constructor threw exception
	at org.springframework.beans.BeanUtils.instantiateClass(BeanUtils.java:224) ~[spring-beans-6.0.13.jar:6.0.13]
	at org.springframework.beans.factory.support.SimpleInstantiationStrategy.instantiate(SimpleInstantiationStrategy.java:87) ~[spring-beans-6.0.13.jar:6.0.13]
	at org.springframework.beans.factory.support.AbstractAutowireCapableBeanFactory.instantiateBean(AbstractAutowireCapableBeanFactory.java:1308) ~[spring-beans-6.0.13.jar:6.0.13]
	... 20 common frames omitted
Caused by: java.lang.Error: Unresolved compilation problems: 
	Syntax error on token(s), misplaced construct(s)
	The type ServerController is already defined

	at com.cmdfootball.controller.ServerController.<init>(ServerController.java:1) ~[classes/:na]
	at java.base/jdk.internal.reflect.NativeConstructorAccessorImpl.newInstance0(Native Method) ~[na:na]
	at java.base/jdk.internal.reflect.NativeConstructorAccessorImpl.newInstance(NativeConstructorAccessorImpl.java:77) ~[na:na]
	at java.base/jdk.internal.reflect.DelegatingConstructorAccessorImpl.newInstance(DelegatingConstructorAccessorImpl.java:45) ~[na:na]
	at java.base/java.lang.reflect.Constructor.newInstanceWithCaller(Constructor.java:500) ~[na:na]
	at java.base/java.lang.reflect.Constructor.newInstance(Constructor.java:481) ~[na:na]
	at org.springframework.beans.BeanUtils.instantiateClass(BeanUtils.java:198) ~[spring-beans-6.0.13.jar:6.0.13]
	... 22 common frames omitted

2025-10-28T14:05:04.236-07:00  INFO 10780 --- [restartedMain] com.cmdfootball.CmdFootballApplication   : Starting CmdFootballApplication using Java 17.0.16 with PID 10780 (D:\cmd-football-site\cmd-football-backend\target\classes started by Coachmohamadou in D:\cmd-football-site\cmd-football-backend)
2025-10-28T14:05:04.238-07:00  INFO 10780 --- [restartedMain] com.cmdfootball.CmdFootballApplication   : No active profile set, falling back to 1 default profile: "default"
2025-10-28T14:05:04.649-07:00  INFO 10780 --- [restartedMain] .s.d.r.c.RepositoryConfigurationDelegate : Bootstrapping Spring Data JPA repositories in DEFAULT mode.
2025-10-28T14:05:04.654-07:00  INFO 10780 --- [restartedMain] .s.d.r.c.RepositoryConfigurationDelegate : Finished Spring Data repository scanning in 4 ms. Found 0 JPA repository interfaces.
2025-10-28T14:05:05.151-07:00  INFO 10780 --- [restartedMain] o.s.b.w.embedded.tomcat.TomcatWebServer  : Tomcat initialized with port(s): 8080 (http)
2025-10-28T14:05:05.165-07:00  INFO 10780 --- [restartedMain] o.apache.catalina.core.StandardService   : Starting service [Tomcat]
2025-10-28T14:05:05.166-07:00  INFO 10780 --- [restartedMain] o.apache.catalina.core.StandardEngine    : Starting Servlet engine: [Apache Tomcat/10.1.15]
2025-10-28T14:05:05.328-07:00  INFO 10780 --- [restartedMain] o.a.c.c.C.[Tomcat-1].[localhost].[/]     : Initializing Spring embedded WebApplicationContext
2025-10-28T14:05:05.328-07:00  INFO 10780 --- [restartedMain] w.s.c.ServletWebServerApplicationContext : Root WebApplicationContext: initialization completed in 1085 ms
2025-10-28T14:05:05.381-07:00  INFO 10780 --- [restartedMain] com.zaxxer.hikari.HikariDataSource       : HikariPool-5 - Starting...
2025-10-28T14:05:05.383-07:00  INFO 10780 --- [restartedMain] com.zaxxer.hikari.pool.HikariPool        : HikariPool-5 - Added connection conn34: url=jdbc:h2:mem:testdb user=SA
2025-10-28T14:05:05.383-07:00  INFO 10780 --- [restartedMain] com.zaxxer.hikari.HikariDataSource       : HikariPool-5 - Start completed.
2025-10-28T14:05:05.383-07:00  INFO 10780 --- [restartedMain] o.s.b.a.h2.H2ConsoleAutoConfiguration    : H2 console available at '/h2-console'. Database available at 'jdbc:h2:mem:testdb'
2025-10-28T14:05:05.431-07:00  INFO 10780 --- [restartedMain] o.hibernate.jpa.internal.util.LogHelper  : HHH000204: Processing PersistenceUnitInfo [name: default]
2025-10-28T14:05:05.470-07:00  INFO 10780 --- [restartedMain] o.s.o.j.p.SpringPersistenceUnitInfo      : No LoadTimeWeaver setup: ignoring JPA class transformer
2025-10-28T14:05:05.476-07:00  WARN 10780 --- [restartedMain] org.hibernate.dialect.Dialect            : HHH000511: The 2.1.0 version for [org.hibernate.dialect.PostgreSQLDialect] is no longer supported, hence certain features may not work properly. The minimum supported version is 10.0.0. Check the community dialects project for available legacy versions.
2025-10-28T14:05:05.486-07:00  WARN 10780 --- [restartedMain] org.hibernate.orm.deprecation            : HHH90000025: PostgreSQLDialect does not need to be specified explicitly using 'hibernate.dialect' (remove the property setting and it will be selected by default)
2025-10-28T14:05:05.552-07:00  INFO 10780 --- [restartedMain] o.h.e.t.j.p.i.JtaPlatformInitiator       : HHH000489: No JTA platform available (set 'hibernate.transaction.jta.platform' to enable JTA platform integration)
2025-10-28T14:05:05.554-07:00  INFO 10780 --- [restartedMain] j.LocalContainerEntityManagerFactoryBean : Initialized JPA EntityManagerFactory for persistence unit 'default'
2025-10-28T14:05:05.635-07:00  WARN 10780 --- [restartedMain] JpaBaseConfiguration$JpaWebConfiguration : spring.jpa.open-in-view is enabled by default. Therefore, database queries may be performed during view rendering. Explicitly configure spring.jpa.open-in-view to disable this warning
2025-10-28T14:05:05.738-07:00  INFO 10780 --- [restartedMain] o.s.b.a.w.s.WelcomePageHandlerMapping    : Adding welcome page: ServletContext resource [/index.html]
2025-10-28T14:05:05.906-07:00  INFO 10780 --- [restartedMain] o.s.b.d.a.OptionalLiveReloadServer       : LiveReload server is running on port 35729
2025-10-28T14:05:05.934-07:00  INFO 10780 --- [restartedMain] o.s.b.w.embedded.tomcat.TomcatWebServer  : Tomcat started on port(s): 8080 (http) with context path ''
2025-10-28T14:05:05.950-07:00  INFO 10780 --- [restartedMain] com.cmdfootball.CmdFootballApplication   : Started CmdFootballApplication in 1.807 seconds (process running for 251.088)
2025-10-28T14:05:05.950-07:00  INFO 10780 --- [restartedMain] .ConditionEvaluationDeltaLoggingListener : Condition evaluation unchanged
2025-10-28T14:05:05.950-07:00  INFO 10780 --- [restartedMain] com.cmdfootball.CmdFootballApplication   : ? CMD Football backend is up and running on port 8080 [default]
2025-10-28T14:05:42.393-07:00  INFO 10780 --- [Thread-18] com.cmdfootball.CmdFootballApplication   : ? CMD Football backend is shutting down gracefully...
2025-10-28T14:05:42.395-07:00  INFO 10780 --- [Thread-8] com.cmdfootball.CmdFootballApplication   : ? CMD Football backend is shutting down gracefully...
2025-10-28T14:05:42.395-07:00  INFO 10780 --- [Thread-13] com.cmdfootball.CmdFootballApplication   : ? CMD Football backend is shutting down gracefully...
2025-10-28T14:05:42.393-07:00  INFO 10780 --- [Thread-26] com.cmdfootball.CmdFootballApplication   : ? CMD Football backend is shutting down gracefully...
2025-10-28T14:05:42.466-07:00  INFO 10780 --- [SpringApplicationShutdownHook] j.LocalContainerEntityManagerFactoryBean : Closing JPA EntityManagerFactory for persistence unit 'default'
2025-10-28T14:05:42.829-07:00  WARN 10780 --- [SpringApplicationShutdownHook] o.s.b.f.support.DisposableBeanAdapter    : Invocation of destroy method failed on bean with name 'inMemoryDatabaseShutdownExecutor': org.h2.jdbc.JdbcSQLNonTransientConnectionException: Database is already closed (to disable automatic closing at VM shutdown, add ";DB_CLOSE_ON_EXIT=FALSE" to the db URL) [90121-214]
2025-10-28T14:05:42.829-07:00  INFO 10780 --- [SpringApplicationShutdownHook] com.zaxxer.hikari.HikariDataSource       : HikariPool-5 - Shutdown initiated...
2025-10-28T14:05:42.972-07:00  INFO 10780 --- [SpringApplicationShutdownHook] com.zaxxer.hikari.HikariDataSource       : HikariPool-5 - Shutdown completed.
2025-10-28T14:15:45.529-07:00  INFO 9612 --- [main] com.cmdfootball.CmdFootballApplication   : Starting CmdFootballApplication v1.0.0 using Java 17.0.16 with PID 9612 (D:\cmd-football-site\cmd-football-backend\target\cmd-football-backend-1.0.0.jar started by Coachmohamadou in D:\cmd-football-site\cmd-football-backend)
2025-10-28T14:15:45.535-07:00  INFO 9612 --- [main] com.cmdfootball.CmdFootballApplication   : No active profile set, falling back to 1 default profile: "default"
2025-10-28T14:15:47.204-07:00  INFO 9612 --- [main] .s.d.r.c.RepositoryConfigurationDelegate : Bootstrapping Spring Data JPA repositories in DEFAULT mode.
2025-10-28T14:15:47.279-07:00  INFO 9612 --- [main] .s.d.r.c.RepositoryConfigurationDelegate : Finished Spring Data repository scanning in 40 ms. Found 0 JPA repository interfaces.
2025-10-28T14:15:48.931-07:00  INFO 9612 --- [main] o.s.b.w.embedded.tomcat.TomcatWebServer  : Tomcat initialized with port(s): 8080 (http)
2025-10-28T14:15:48.996-07:00  INFO 9612 --- [main] o.apache.catalina.core.StandardService   : Starting service [Tomcat]
2025-10-28T14:15:48.998-07:00  INFO 9612 --- [main] o.apache.catalina.core.StandardEngine    : Starting Servlet engine: [Apache Tomcat/10.1.15]
2025-10-28T14:15:49.225-07:00  INFO 9612 --- [main] o.a.c.c.C.[Tomcat].[localhost].[/]       : Initializing Spring embedded WebApplicationContext
2025-10-28T14:15:49.227-07:00  INFO 9612 --- [main] w.s.c.ServletWebServerApplicationContext : Root WebApplicationContext: initialization completed in 3536 ms
2025-10-28T14:15:49.691-07:00  INFO 9612 --- [main] o.hibernate.jpa.internal.util.LogHelper  : HHH000204: Processing PersistenceUnitInfo [name: default]
2025-10-28T14:15:49.910-07:00  INFO 9612 --- [main] org.hibernate.Version                    : HHH000412: Hibernate ORM core version 6.2.13.Final
2025-10-28T14:15:49.915-07:00  INFO 9612 --- [main] org.hibernate.cfg.Environment            : HHH000406: Using bytecode reflection optimizer
2025-10-28T14:15:50.734-07:00  INFO 9612 --- [main] o.s.o.j.p.SpringPersistenceUnitInfo      : No LoadTimeWeaver setup: ignoring JPA class transformer
2025-10-28T14:15:50.846-07:00  INFO 9612 --- [main] com.zaxxer.hikari.HikariDataSource       : HikariPool-1 - Starting...
2025-10-28T14:15:51.472-07:00  INFO 9612 --- [main] com.zaxxer.hikari.pool.HikariPool        : HikariPool-1 - Added connection conn0: url=jdbc:h2:mem:testdb user=SA
2025-10-28T14:15:51.477-07:00  INFO 9612 --- [main] com.zaxxer.hikari.HikariDataSource       : HikariPool-1 - Start completed.
2025-10-28T14:15:51.546-07:00  WARN 9612 --- [main] org.hibernate.dialect.Dialect            : HHH000511: The 2.1.0 version for [org.hibernate.dialect.PostgreSQLDialect] is no longer supported, hence certain features may not work properly. The minimum supported version is 10.0.0. Check the community dialects project for available legacy versions.
2025-10-28T14:15:51.563-07:00  WARN 9612 --- [main] org.hibernate.orm.deprecation            : HHH90000025: PostgreSQLDialect does not need to be specified explicitly using 'hibernate.dialect' (remove the property setting and it will be selected by default)
2025-10-28T14:15:52.213-07:00  INFO 9612 --- [main] o.h.e.t.j.p.i.JtaPlatformInitiator       : HHH000489: No JTA platform available (set 'hibernate.transaction.jta.platform' to enable JTA platform integration)
2025-10-28T14:15:52.223-07:00  INFO 9612 --- [main] j.LocalContainerEntityManagerFactoryBean : Initialized JPA EntityManagerFactory for persistence unit 'default'
2025-10-28T14:15:52.356-07:00  WARN 9612 --- [main] JpaBaseConfiguration$JpaWebConfiguration : spring.jpa.open-in-view is enabled by default. Therefore, database queries may be performed during view rendering. Explicitly configure spring.jpa.open-in-view to disable this warning
2025-10-28T14:15:52.792-07:00  INFO 9612 --- [main] o.s.b.a.w.s.WelcomePageHandlerMapping    : Adding welcome page: ServletContext resource [/index.html]
2025-10-28T14:15:53.483-07:00  INFO 9612 --- [main] o.s.b.w.embedded.tomcat.TomcatWebServer  : Tomcat started on port(s): 8080 (http) with context path ''
2025-10-28T14:15:53.558-07:00  INFO 9612 --- [main] com.cmdfootball.CmdFootballApplication   : Started CmdFootballApplication in 9.307 seconds (process running for 10.512)
2025-10-28T14:15:53.567-07:00  INFO 9612 --- [main] com.cmdfootball.CmdFootballApplication   : ? CMD Football backend is up and running on port 8080 [default]
2025-10-28T14:21:31.213-07:00  INFO 9612 --- [Thread-2] com.cmdfootball.CmdFootballApplication   : ? CMD Football backend is shutting down gracefully...
2025-10-28T14:21:31.347-07:00  INFO 9612 --- [SpringApplicationShutdownHook] j.LocalContainerEntityManagerFactoryBean : Closing JPA EntityManagerFactory for persistence unit 'default'
2025-10-28T14:21:31.349-07:00  INFO 9612 --- [SpringApplicationShutdownHook] com.zaxxer.hikari.HikariDataSource       : HikariPool-1 - Shutdown initiated...
2025-10-28T14:21:31.361-07:00  INFO 9612 --- [SpringApplicationShutdownHook] com.zaxxer.hikari.HikariDataSource       : HikariPool-1 - Shutdown completed.
